<?xml version="1.0" encoding="UTF-8"?>
<!-- Generated by org.testng.reporters.JUnitXMLReporter -->
<testsuite hostname="ANANDRAJU-PC" ignored="0" name="Default test" tests="3" failures="0" timestamp="2021-02-23T21:01:25 IST" time="35.846" errors="0">
  <testcase name="loginPageTitleTest" time="0.036" classname="com.scipio.qa.test.LoginPageTest"/>
  <testcase name="brandLogoImageTest" time="0.195" classname="com.scipio.qa.test.LoginPageTest"/>
  <testcase name="loginTest" time="0.806" classname="com.scipio.qa.test.LoginPageTest"/>
</testsuite> <!-- Default test -->
